/*
 *  CMSIS Pack Debug Access Sequence Log
 *  File        : C:\Users\gonza\STM32Cube\Repository\STM32Cube_FW_F7_V1.14.0 modificado\Projects\STM32746G-Discovery\Examples\BSP\MDK-ARM\Project_Sequences_0004.log
 *  Created     : 15:47:53 (14/03/2020)
 *  Device      : STM32F746NGHx
 *  PDSC File   : C:\Users\gonza\AppData\Local\Arm\Packs\Keil\STM32F7xx_DFP\2.12.0\Keil.STM32F7xx_DFP.pdsc
 *  Config File : C:\Users\gonza\STM32Cube\Repository\STM32Cube_FW_F7_V1.14.0 modificado\Projects\STM32746G-Discovery\Examples\BSP\MDK-ARM\DebugConfig\STM32746G_DISCOVERY_STM32F746NGHx_2.0.0.dbgconf
 *
 */

[15:47:53.686]  **********  Sequence "DebugDeviceUnlock"  (Context="Connect", Pname="", info="")
[15:47:53.686]  
[15:47:53.686]  <debugvars>
[15:47:53.686]    // Pre-defined
[15:47:53.687]    __protocol=0x00010002      (Protocol="SWD", SWJ-DP="True")
[15:47:53.687]    __connection=0x00010202    (Connection Type="Flash", Reset Type="System Reset", Connection Under HW Reset)
[15:47:53.687]    __dp=0x00000000
[15:47:53.687]    __ap=0x00000000
[15:47:53.687]    __traceout=0x00000001      (SWO Trace)
[15:47:53.687]    __errorcontrol=0x00000000  (Skip Errors="False")
[15:47:53.687]    __FlashAddr=0x00000000
[15:47:53.688]    __FlashLen=0x00000000
[15:47:53.688]    __FlashArg=0x00000000
[15:47:53.688]    __FlashOp=0x00000000
[15:47:53.688]    __Result=0x00000000
[15:47:53.688]    
[15:47:53.688]    // User-defined
[15:47:53.689]    DbgMCU_CR=0x00000007
[15:47:53.689]    DbgMCU_APB1_Fz=0x00000000
[15:47:53.689]    DbgMCU_APB2_Fz=0x00000000
[15:47:53.689]    TraceClk_Pin=0x00040002
[15:47:53.689]    TraceD0_Pin=0x00040003
[15:47:53.690]    TraceD1_Pin=0x00040004
[15:47:53.690]    TraceD2_Pin=0x00040005
[15:47:53.690]    TraceD3_Pin=0x00040006
[15:47:53.690]  </debugvars>
[15:47:53.690]  
[15:47:53.691]  <sequence name="DebugDeviceUnlock" Pname="" disable="false" info="">
[15:47:53.691]    <block atomic="false" info="">
[15:47:53.691]      Sequence("CheckID");
[15:47:53.691]        <sequence name="CheckID" Pname="" disable="false" info="">
[15:47:53.691]          <block atomic="false" info="">
[15:47:53.692]            __var pidr1 = 0;
[15:47:53.692]              // -> [pidr1 <= 0x00000000]
[15:47:53.692]            __var pidr2 = 0;
[15:47:53.692]              // -> [pidr2 <= 0x00000000]
[15:47:53.692]            __var jep106id = 0;
[15:47:53.693]              // -> [jep106id <= 0x00000000]
[15:47:53.693]            __var ROMTableBase = 0;
[15:47:53.693]              // -> [ROMTableBase <= 0x00000000]
[15:47:53.693]            __ap = 0;      // AHB-AP
[15:47:53.693]              // -> [__ap <= 0x00000000]
[15:47:53.694]            ROMTableBase = ReadAP(0xF8) & ~0x3;
[15:47:53.694]              // -> [ReadAP(0x000000F8) => 0xE00FD003]   (__dp=0x00000000, __ap=0x00000000)
[15:47:53.694]              // -> [ROMTableBase <= 0xE00FD000]
[15:47:53.694]            pidr1 = Read32(ROMTableBase + 0x0FE4);
[15:47:53.695]              // -> [Read32(0xE00FDFE4) => 0x00000004]   (__dp=0x00000000, __ap=0x00000000)
[15:47:53.695]              // -> [pidr1 <= 0x00000004]
[15:47:53.695]            pidr2 = Read32(ROMTableBase + 0x0FE8);
[15:47:53.696]              // -> [Read32(0xE00FDFE8) => 0x0000001A]   (__dp=0x00000000, __ap=0x00000000)
[15:47:53.696]              // -> [pidr2 <= 0x0000001A]
[15:47:53.696]            jep106id = ((pidr2 & 0x7) << 4 ) | ((pidr1 >> 4) & 0xF);
[15:47:53.696]              // -> [jep106id <= 0x00000020]
[15:47:53.696]          </block>
[15:47:53.697]          <control if="jep106id != 0x20" while="" timeout="0" info="">
[15:47:53.697]            // if-block "jep106id != 0x20"
[15:47:53.697]              // =>  FALSE
[15:47:53.697]            // skip if-block "jep106id != 0x20"
[15:47:53.697]          </control>
[15:47:53.697]        </sequence>
[15:47:53.698]    </block>
[15:47:53.698]  </sequence>
[15:47:53.698]  
[15:47:53.714]  **********  Sequence "DebugCoreStart"  (Context="Connect", Pname="", info="")
[15:47:53.714]  
[15:47:53.714]  <debugvars>
[15:47:53.714]    // Pre-defined
[15:47:53.714]    __protocol=0x00010002      (Protocol="SWD", SWJ-DP="True")
[15:47:53.714]    __connection=0x00010202    (Connection Type="Flash", Reset Type="System Reset", Connection Under HW Reset)
[15:47:53.715]    __dp=0x00000000
[15:47:53.715]    __ap=0x00000000
[15:47:53.715]    __traceout=0x00000001      (SWO Trace)
[15:47:53.715]    __errorcontrol=0x00000000  (Skip Errors="False")
[15:47:53.715]    __FlashAddr=0x00000000
[15:47:53.715]    __FlashLen=0x00000000
[15:47:53.716]    __FlashArg=0x00000000
[15:47:53.716]    __FlashOp=0x00000000
[15:47:53.716]    __Result=0x00000000
[15:47:53.716]    
[15:47:53.716]    // User-defined
[15:47:53.716]    DbgMCU_CR=0x00000007
[15:47:53.716]    DbgMCU_APB1_Fz=0x00000000
[15:47:53.717]    DbgMCU_APB2_Fz=0x00000000
[15:47:53.717]    TraceClk_Pin=0x00040002
[15:47:53.717]    TraceD0_Pin=0x00040003
[15:47:53.717]    TraceD1_Pin=0x00040004
[15:47:53.717]    TraceD2_Pin=0x00040005
[15:47:53.717]    TraceD3_Pin=0x00040006
[15:47:53.718]  </debugvars>
[15:47:53.718]  
[15:47:53.718]  <sequence name="DebugCoreStart" Pname="" disable="false" info="">
[15:47:53.718]    <block atomic="false" info="">
[15:47:53.718]      Write32(0xE000EDF0, 0xA05F0001);                                        // Enable Core Debug via DHCSR
[15:47:53.719]        // -> [Write32(0xE000EDF0, 0xA05F0001)]   (__dp=0x00000000, __ap=0x00000000)
[15:47:53.719]      Write32(0xE0042004, DbgMCU_CR);                                         // DBGMCU_CR: Configure MCU Debug
[15:47:53.719]        // -> [Write32(0xE0042004, 0x00000007)]   (__dp=0x00000000, __ap=0x00000000)
[15:47:53.720]      Write32(0xE0042008, DbgMCU_APB1_Fz);                                    // DBGMCU_APB1_FZ: Configure APB1 Peripheral Freeze Behavior
[15:47:53.720]        // -> [Write32(0xE0042008, 0x00000000)]   (__dp=0x00000000, __ap=0x00000000)
[15:47:53.720]      Write32(0xE004200C, DbgMCU_APB2_Fz);                                    // DBGMCU_APB1_FZ: Configure APB2 Peripheral Freeze Behavior
[15:47:53.721]        // -> [Write32(0xE004200C, 0x00000000)]   (__dp=0x00000000, __ap=0x00000000)
[15:47:53.721]    </block>
[15:47:53.721]  </sequence>
[15:47:53.721]  
[15:53:28.968]  **********  Sequence "DebugDeviceUnlock"  (Context="Connect", Pname="", info="")
[15:53:28.968]  
[15:53:28.968]  <debugvars>
[15:53:28.968]    // Pre-defined
[15:53:28.969]    __protocol=0x00010002      (Protocol="SWD", SWJ-DP="True")
[15:53:28.969]    __connection=0x00010202    (Connection Type="Flash", Reset Type="System Reset", Connection Under HW Reset)
[15:53:28.969]    __dp=0x00000000
[15:53:28.969]    __ap=0x00000000
[15:53:28.969]    __traceout=0x00000001      (SWO Trace)
[15:53:28.969]    __errorcontrol=0x00000000  (Skip Errors="False")
[15:53:28.970]    __FlashAddr=0x00000000
[15:53:28.970]    __FlashLen=0x00000000
[15:53:28.970]    __FlashArg=0x00000000
[15:53:28.970]    __FlashOp=0x00000000
[15:53:28.970]    __Result=0x00000000
[15:53:28.970]    
[15:53:28.970]    // User-defined
[15:53:28.971]    DbgMCU_CR=0x00000007
[15:53:28.971]    DbgMCU_APB1_Fz=0x00000000
[15:53:28.971]    DbgMCU_APB2_Fz=0x00000000
[15:53:28.971]    TraceClk_Pin=0x00040002
[15:53:28.971]    TraceD0_Pin=0x00040003
[15:53:28.971]    TraceD1_Pin=0x00040004
[15:53:28.972]    TraceD2_Pin=0x00040005
[15:53:28.972]    TraceD3_Pin=0x00040006
[15:53:28.972]  </debugvars>
[15:53:28.972]  
[15:53:28.972]  <sequence name="DebugDeviceUnlock" Pname="" disable="false" info="">
[15:53:28.972]    <block atomic="false" info="">
[15:53:28.972]      Sequence("CheckID");
[15:53:28.973]        <sequence name="CheckID" Pname="" disable="false" info="">
[15:53:28.973]          <block atomic="false" info="">
[15:53:28.973]            __var pidr1 = 0;
[15:53:28.973]              // -> [pidr1 <= 0x00000000]
[15:53:28.973]            __var pidr2 = 0;
[15:53:28.973]              // -> [pidr2 <= 0x00000000]
[15:53:28.974]            __var jep106id = 0;
[15:53:28.974]              // -> [jep106id <= 0x00000000]
[15:53:28.974]            __var ROMTableBase = 0;
[15:53:28.974]              // -> [ROMTableBase <= 0x00000000]
[15:53:28.974]            __ap = 0;      // AHB-AP
[15:53:28.974]              // -> [__ap <= 0x00000000]
[15:53:28.974]            ROMTableBase = ReadAP(0xF8) & ~0x3;
[15:53:28.975]              // -> [ReadAP(0x000000F8) => 0xE00FD003]   (__dp=0x00000000, __ap=0x00000000)
[15:53:28.975]              // -> [ROMTableBase <= 0xE00FD000]
[15:53:28.975]            pidr1 = Read32(ROMTableBase + 0x0FE4);
[15:53:28.975]              // -> [Read32(0xE00FDFE4) => 0x00000004]   (__dp=0x00000000, __ap=0x00000000)
[15:53:28.976]              // -> [pidr1 <= 0x00000004]
[15:53:28.976]            pidr2 = Read32(ROMTableBase + 0x0FE8);
[15:53:28.976]              // -> [Read32(0xE00FDFE8) => 0x0000001A]   (__dp=0x00000000, __ap=0x00000000)
[15:53:28.976]              // -> [pidr2 <= 0x0000001A]
[15:53:28.976]            jep106id = ((pidr2 & 0x7) << 4 ) | ((pidr1 >> 4) & 0xF);
[15:53:28.976]              // -> [jep106id <= 0x00000020]
[15:53:28.977]          </block>
[15:53:28.977]          <control if="jep106id != 0x20" while="" timeout="0" info="">
[15:53:28.977]            // if-block "jep106id != 0x20"
[15:53:28.977]              // =>  FALSE
[15:53:28.977]            // skip if-block "jep106id != 0x20"
[15:53:28.977]          </control>
[15:53:28.977]        </sequence>
[15:53:28.977]    </block>
[15:53:28.977]  </sequence>
[15:53:28.978]  
[15:53:28.993]  **********  Sequence "DebugCoreStart"  (Context="Connect", Pname="", info="")
[15:53:28.993]  
[15:53:28.994]  <debugvars>
[15:53:28.994]    // Pre-defined
[15:53:28.994]    __protocol=0x00010002      (Protocol="SWD", SWJ-DP="True")
[15:53:28.994]    __connection=0x00010202    (Connection Type="Flash", Reset Type="System Reset", Connection Under HW Reset)
[15:53:28.994]    __dp=0x00000000
[15:53:28.994]    __ap=0x00000000
[15:53:28.995]    __traceout=0x00000001      (SWO Trace)
[15:53:28.995]    __errorcontrol=0x00000000  (Skip Errors="False")
[15:53:28.995]    __FlashAddr=0x00000000
[15:53:28.995]    __FlashLen=0x00000000
[15:53:28.995]    __FlashArg=0x00000000
[15:53:28.995]    __FlashOp=0x00000000
[15:53:28.995]    __Result=0x00000000
[15:53:28.996]    
[15:53:28.996]    // User-defined
[15:53:28.996]    DbgMCU_CR=0x00000007
[15:53:28.996]    DbgMCU_APB1_Fz=0x00000000
[15:53:28.996]    DbgMCU_APB2_Fz=0x00000000
[15:53:28.996]    TraceClk_Pin=0x00040002
[15:53:28.996]    TraceD0_Pin=0x00040003
[15:53:28.996]    TraceD1_Pin=0x00040004
[15:53:28.996]    TraceD2_Pin=0x00040005
[15:53:28.997]    TraceD3_Pin=0x00040006
[15:53:28.997]  </debugvars>
[15:53:28.997]  
[15:53:28.997]  <sequence name="DebugCoreStart" Pname="" disable="false" info="">
[15:53:28.997]    <block atomic="false" info="">
[15:53:28.997]      Write32(0xE000EDF0, 0xA05F0001);                                        // Enable Core Debug via DHCSR
[15:53:28.998]        // -> [Write32(0xE000EDF0, 0xA05F0001)]   (__dp=0x00000000, __ap=0x00000000)
[15:53:28.998]      Write32(0xE0042004, DbgMCU_CR);                                         // DBGMCU_CR: Configure MCU Debug
[15:53:28.998]        // -> [Write32(0xE0042004, 0x00000007)]   (__dp=0x00000000, __ap=0x00000000)
[15:53:28.998]      Write32(0xE0042008, DbgMCU_APB1_Fz);                                    // DBGMCU_APB1_FZ: Configure APB1 Peripheral Freeze Behavior
[15:53:28.998]        // -> [Write32(0xE0042008, 0x00000000)]   (__dp=0x00000000, __ap=0x00000000)
[15:53:28.998]      Write32(0xE004200C, DbgMCU_APB2_Fz);                                    // DBGMCU_APB1_FZ: Configure APB2 Peripheral Freeze Behavior
[15:53:28.998]        // -> [Write32(0xE004200C, 0x00000000)]   (__dp=0x00000000, __ap=0x00000000)
[15:53:28.999]    </block>
[15:53:28.999]  </sequence>
[15:53:28.999]  
[16:09:32.855]  **********  Sequence "DebugDeviceUnlock"  (Context="Connect", Pname="", info="")
[16:09:32.855]  
[16:09:32.856]  <debugvars>
[16:09:32.856]    // Pre-defined
[16:09:32.856]    __protocol=0x00010002      (Protocol="SWD", SWJ-DP="True")
[16:09:32.856]    __connection=0x00010202    (Connection Type="Flash", Reset Type="System Reset", Connection Under HW Reset)
[16:09:32.856]    __dp=0x00000000
[16:09:32.857]    __ap=0x00000000
[16:09:32.857]    __traceout=0x00000001      (SWO Trace)
[16:09:32.857]    __errorcontrol=0x00000000  (Skip Errors="False")
[16:09:32.857]    __FlashAddr=0x00000000
[16:09:32.857]    __FlashLen=0x00000000
[16:09:32.858]    __FlashArg=0x00000000
[16:09:32.858]    __FlashOp=0x00000000
[16:09:32.858]    __Result=0x00000000
[16:09:32.858]    
[16:09:32.858]    // User-defined
[16:09:32.858]    DbgMCU_CR=0x00000007
[16:09:32.858]    DbgMCU_APB1_Fz=0x00000000
[16:09:32.859]    DbgMCU_APB2_Fz=0x00000000
[16:09:32.859]    TraceClk_Pin=0x00040002
[16:09:32.859]    TraceD0_Pin=0x00040003
[16:09:32.859]    TraceD1_Pin=0x00040004
[16:09:32.859]    TraceD2_Pin=0x00040005
[16:09:32.859]    TraceD3_Pin=0x00040006
[16:09:32.860]  </debugvars>
[16:09:32.860]  
[16:09:32.860]  <sequence name="DebugDeviceUnlock" Pname="" disable="false" info="">
[16:09:32.860]    <block atomic="false" info="">
[16:09:32.860]      Sequence("CheckID");
[16:09:32.860]        <sequence name="CheckID" Pname="" disable="false" info="">
[16:09:32.861]          <block atomic="false" info="">
[16:09:32.861]            __var pidr1 = 0;
[16:09:32.861]              // -> [pidr1 <= 0x00000000]
[16:09:32.861]            __var pidr2 = 0;
[16:09:32.861]              // -> [pidr2 <= 0x00000000]
[16:09:32.862]            __var jep106id = 0;
[16:09:32.862]              // -> [jep106id <= 0x00000000]
[16:09:32.862]            __var ROMTableBase = 0;
[16:09:32.862]              // -> [ROMTableBase <= 0x00000000]
[16:09:32.862]            __ap = 0;      // AHB-AP
[16:09:32.862]              // -> [__ap <= 0x00000000]
[16:09:32.862]            ROMTableBase = ReadAP(0xF8) & ~0x3;
[16:09:32.863]              // -> [ReadAP(0x000000F8) => 0xE00FD003]   (__dp=0x00000000, __ap=0x00000000)
[16:09:32.863]              // -> [ROMTableBase <= 0xE00FD000]
[16:09:32.863]            pidr1 = Read32(ROMTableBase + 0x0FE4);
[16:09:32.863]              // -> [Read32(0xE00FDFE4) => 0x00000004]   (__dp=0x00000000, __ap=0x00000000)
[16:09:32.864]              // -> [pidr1 <= 0x00000004]
[16:09:32.864]            pidr2 = Read32(ROMTableBase + 0x0FE8);
[16:09:32.864]              // -> [Read32(0xE00FDFE8) => 0x0000001A]   (__dp=0x00000000, __ap=0x00000000)
[16:09:32.864]              // -> [pidr2 <= 0x0000001A]
[16:09:32.865]            jep106id = ((pidr2 & 0x7) << 4 ) | ((pidr1 >> 4) & 0xF);
[16:09:32.865]              // -> [jep106id <= 0x00000020]
[16:09:32.865]          </block>
[16:09:32.865]          <control if="jep106id != 0x20" while="" timeout="0" info="">
[16:09:32.865]            // if-block "jep106id != 0x20"
[16:09:32.865]              // =>  FALSE
[16:09:32.865]            // skip if-block "jep106id != 0x20"
[16:09:32.866]          </control>
[16:09:32.866]        </sequence>
[16:09:32.866]    </block>
[16:09:32.866]  </sequence>
[16:09:32.866]  
[16:09:32.881]  **********  Sequence "DebugCoreStart"  (Context="Connect", Pname="", info="")
[16:09:32.881]  
[16:09:32.881]  <debugvars>
[16:09:32.881]    // Pre-defined
[16:09:32.882]    __protocol=0x00010002      (Protocol="SWD", SWJ-DP="True")
[16:09:32.882]    __connection=0x00010202    (Connection Type="Flash", Reset Type="System Reset", Connection Under HW Reset)
[16:09:32.882]    __dp=0x00000000
[16:09:32.882]    __ap=0x00000000
[16:09:32.882]    __traceout=0x00000001      (SWO Trace)
[16:09:32.883]    __errorcontrol=0x00000000  (Skip Errors="False")
[16:09:32.883]    __FlashAddr=0x00000000
[16:09:32.883]    __FlashLen=0x00000000
[16:09:32.883]    __FlashArg=0x00000000
[16:09:32.883]    __FlashOp=0x00000000
[16:09:32.883]    __Result=0x00000000
[16:09:32.883]    
[16:09:32.883]    // User-defined
[16:09:32.884]    DbgMCU_CR=0x00000007
[16:09:32.884]    DbgMCU_APB1_Fz=0x00000000
[16:09:32.884]    DbgMCU_APB2_Fz=0x00000000
[16:09:32.884]    TraceClk_Pin=0x00040002
[16:09:32.884]    TraceD0_Pin=0x00040003
[16:09:32.884]    TraceD1_Pin=0x00040004
[16:09:32.884]    TraceD2_Pin=0x00040005
[16:09:32.885]    TraceD3_Pin=0x00040006
[16:09:32.885]  </debugvars>
[16:09:32.885]  
[16:09:32.885]  <sequence name="DebugCoreStart" Pname="" disable="false" info="">
[16:09:32.885]    <block atomic="false" info="">
[16:09:32.885]      Write32(0xE000EDF0, 0xA05F0001);                                        // Enable Core Debug via DHCSR
[16:09:32.886]        // -> [Write32(0xE000EDF0, 0xA05F0001)]   (__dp=0x00000000, __ap=0x00000000)
[16:09:32.886]      Write32(0xE0042004, DbgMCU_CR);                                         // DBGMCU_CR: Configure MCU Debug
[16:09:32.887]        // -> [Write32(0xE0042004, 0x00000007)]   (__dp=0x00000000, __ap=0x00000000)
[16:09:32.887]      Write32(0xE0042008, DbgMCU_APB1_Fz);                                    // DBGMCU_APB1_FZ: Configure APB1 Peripheral Freeze Behavior
[16:09:32.887]        // -> [Write32(0xE0042008, 0x00000000)]   (__dp=0x00000000, __ap=0x00000000)
[16:09:32.887]      Write32(0xE004200C, DbgMCU_APB2_Fz);                                    // DBGMCU_APB1_FZ: Configure APB2 Peripheral Freeze Behavior
[16:09:32.888]        // -> [Write32(0xE004200C, 0x00000000)]   (__dp=0x00000000, __ap=0x00000000)
[16:09:32.888]    </block>
[16:09:32.888]  </sequence>
[16:09:32.888]  
[16:10:39.608]  **********  Sequence "DebugDeviceUnlock"  (Context="Connect", Pname="", info="")
[16:10:39.608]  
[16:10:39.608]  <debugvars>
[16:10:39.609]    // Pre-defined
[16:10:39.609]    __protocol=0x00010002      (Protocol="SWD", SWJ-DP="True")
[16:10:39.609]    __connection=0x00010202    (Connection Type="Flash", Reset Type="System Reset", Connection Under HW Reset)
[16:10:39.609]    __dp=0x00000000
[16:10:39.609]    __ap=0x00000000
[16:10:39.610]    __traceout=0x00000001      (SWO Trace)
[16:10:39.610]    __errorcontrol=0x00000000  (Skip Errors="False")
[16:10:39.610]    __FlashAddr=0x00000000
[16:10:39.610]    __FlashLen=0x00000000
[16:10:39.610]    __FlashArg=0x00000000
[16:10:39.610]    __FlashOp=0x00000000
[16:10:39.611]    __Result=0x00000000
[16:10:39.611]    
[16:10:39.611]    // User-defined
[16:10:39.611]    DbgMCU_CR=0x00000007
[16:10:39.611]    DbgMCU_APB1_Fz=0x00000000
[16:10:39.611]    DbgMCU_APB2_Fz=0x00000000
[16:10:39.611]    TraceClk_Pin=0x00040002
[16:10:39.612]    TraceD0_Pin=0x00040003
[16:10:39.612]    TraceD1_Pin=0x00040004
[16:10:39.612]    TraceD2_Pin=0x00040005
[16:10:39.612]    TraceD3_Pin=0x00040006
[16:10:39.612]  </debugvars>
[16:10:39.612]  
[16:10:39.613]  <sequence name="DebugDeviceUnlock" Pname="" disable="false" info="">
[16:10:39.613]    <block atomic="false" info="">
[16:10:39.613]      Sequence("CheckID");
[16:10:39.613]        <sequence name="CheckID" Pname="" disable="false" info="">
[16:10:39.613]          <block atomic="false" info="">
[16:10:39.613]            __var pidr1 = 0;
[16:10:39.613]              // -> [pidr1 <= 0x00000000]
[16:10:39.614]            __var pidr2 = 0;
[16:10:39.614]              // -> [pidr2 <= 0x00000000]
[16:10:39.614]            __var jep106id = 0;
[16:10:39.614]              // -> [jep106id <= 0x00000000]
[16:10:39.614]            __var ROMTableBase = 0;
[16:10:39.614]              // -> [ROMTableBase <= 0x00000000]
[16:10:39.614]            __ap = 0;      // AHB-AP
[16:10:39.615]              // -> [__ap <= 0x00000000]
[16:10:39.615]            ROMTableBase = ReadAP(0xF8) & ~0x3;
[16:10:39.615]              // -> [ReadAP(0x000000F8) => 0xE00FD003]   (__dp=0x00000000, __ap=0x00000000)
[16:10:39.615]              // -> [ROMTableBase <= 0xE00FD000]
[16:10:39.615]            pidr1 = Read32(ROMTableBase + 0x0FE4);
[16:10:39.616]              // -> [Read32(0xE00FDFE4) => 0x00000004]   (__dp=0x00000000, __ap=0x00000000)
[16:10:39.616]              // -> [pidr1 <= 0x00000004]
[16:10:39.616]            pidr2 = Read32(ROMTableBase + 0x0FE8);
[16:10:39.617]              // -> [Read32(0xE00FDFE8) => 0x0000001A]   (__dp=0x00000000, __ap=0x00000000)
[16:10:39.617]              // -> [pidr2 <= 0x0000001A]
[16:10:39.617]            jep106id = ((pidr2 & 0x7) << 4 ) | ((pidr1 >> 4) & 0xF);
[16:10:39.617]              // -> [jep106id <= 0x00000020]
[16:10:39.617]          </block>
[16:10:39.617]          <control if="jep106id != 0x20" while="" timeout="0" info="">
[16:10:39.618]            // if-block "jep106id != 0x20"
[16:10:39.618]              // =>  FALSE
[16:10:39.618]            // skip if-block "jep106id != 0x20"
[16:10:39.618]          </control>
[16:10:39.618]        </sequence>
[16:10:39.618]    </block>
[16:10:39.618]  </sequence>
[16:10:39.619]  
[16:10:39.633]  **********  Sequence "DebugCoreStart"  (Context="Connect", Pname="", info="")
[16:10:39.633]  
[16:10:39.633]  <debugvars>
[16:10:39.633]    // Pre-defined
[16:10:39.634]    __protocol=0x00010002      (Protocol="SWD", SWJ-DP="True")
[16:10:39.634]    __connection=0x00010202    (Connection Type="Flash", Reset Type="System Reset", Connection Under HW Reset)
[16:10:39.634]    __dp=0x00000000
[16:10:39.634]    __ap=0x00000000
[16:10:39.634]    __traceout=0x00000001      (SWO Trace)
[16:10:39.634]    __errorcontrol=0x00000000  (Skip Errors="False")
[16:10:39.634]    __FlashAddr=0x00000000
[16:10:39.635]    __FlashLen=0x00000000
[16:10:39.635]    __FlashArg=0x00000000
[16:10:39.635]    __FlashOp=0x00000000
[16:10:39.635]    __Result=0x00000000
[16:10:39.635]    
[16:10:39.635]    // User-defined
[16:10:39.635]    DbgMCU_CR=0x00000007
[16:10:39.636]    DbgMCU_APB1_Fz=0x00000000
[16:10:39.636]    DbgMCU_APB2_Fz=0x00000000
[16:10:39.636]    TraceClk_Pin=0x00040002
[16:10:39.636]    TraceD0_Pin=0x00040003
[16:10:39.636]    TraceD1_Pin=0x00040004
[16:10:39.636]    TraceD2_Pin=0x00040005
[16:10:39.636]    TraceD3_Pin=0x00040006
[16:10:39.636]  </debugvars>
[16:10:39.637]  
[16:10:39.637]  <sequence name="DebugCoreStart" Pname="" disable="false" info="">
[16:10:39.637]    <block atomic="false" info="">
[16:10:39.637]      Write32(0xE000EDF0, 0xA05F0001);                                        // Enable Core Debug via DHCSR
[16:10:39.638]        // -> [Write32(0xE000EDF0, 0xA05F0001)]   (__dp=0x00000000, __ap=0x00000000)
[16:10:39.638]      Write32(0xE0042004, DbgMCU_CR);                                         // DBGMCU_CR: Configure MCU Debug
[16:10:39.638]        // -> [Write32(0xE0042004, 0x00000007)]   (__dp=0x00000000, __ap=0x00000000)
[16:10:39.638]      Write32(0xE0042008, DbgMCU_APB1_Fz);                                    // DBGMCU_APB1_FZ: Configure APB1 Peripheral Freeze Behavior
[16:10:39.639]        // -> [Write32(0xE0042008, 0x00000000)]   (__dp=0x00000000, __ap=0x00000000)
[16:10:39.639]      Write32(0xE004200C, DbgMCU_APB2_Fz);                                    // DBGMCU_APB1_FZ: Configure APB2 Peripheral Freeze Behavior
[16:10:39.639]        // -> [Write32(0xE004200C, 0x00000000)]   (__dp=0x00000000, __ap=0x00000000)
[16:10:39.640]    </block>
[16:10:39.640]  </sequence>
[16:10:39.640]  
[16:12:27.086]  **********  Sequence "DebugDeviceUnlock"  (Context="Connect", Pname="", info="")
[16:12:27.086]  
[16:12:27.087]  <debugvars>
[16:12:27.088]    // Pre-defined
[16:12:27.088]    __protocol=0x00010002      (Protocol="SWD", SWJ-DP="True")
[16:12:27.089]    __connection=0x00010202    (Connection Type="Flash", Reset Type="System Reset", Connection Under HW Reset)
[16:12:27.089]    __dp=0x00000000
[16:12:27.089]    __ap=0x00000000
[16:12:27.089]    __traceout=0x00000001      (SWO Trace)
[16:12:27.089]    __errorcontrol=0x00000000  (Skip Errors="False")
[16:12:27.090]    __FlashAddr=0x00000000
[16:12:27.090]    __FlashLen=0x00000000
[16:12:27.090]    __FlashArg=0x00000000
[16:12:27.090]    __FlashOp=0x00000000
[16:12:27.090]    __Result=0x00000000
[16:12:27.090]    
[16:12:27.090]    // User-defined
[16:12:27.091]    DbgMCU_CR=0x00000007
[16:12:27.091]    DbgMCU_APB1_Fz=0x00000000
[16:12:27.091]    DbgMCU_APB2_Fz=0x00000000
[16:12:27.091]    TraceClk_Pin=0x00040002
[16:12:27.091]    TraceD0_Pin=0x00040003
[16:12:27.091]    TraceD1_Pin=0x00040004
[16:12:27.091]    TraceD2_Pin=0x00040005
[16:12:27.092]    TraceD3_Pin=0x00040006
[16:12:27.092]  </debugvars>
[16:12:27.092]  
[16:12:27.092]  <sequence name="DebugDeviceUnlock" Pname="" disable="false" info="">
[16:12:27.092]    <block atomic="false" info="">
[16:12:27.092]      Sequence("CheckID");
[16:12:27.092]        <sequence name="CheckID" Pname="" disable="false" info="">
[16:12:27.092]          <block atomic="false" info="">
[16:12:27.093]            __var pidr1 = 0;
[16:12:27.093]              // -> [pidr1 <= 0x00000000]
[16:12:27.093]            __var pidr2 = 0;
[16:12:27.093]              // -> [pidr2 <= 0x00000000]
[16:12:27.093]            __var jep106id = 0;
[16:12:27.093]              // -> [jep106id <= 0x00000000]
[16:12:27.093]            __var ROMTableBase = 0;
[16:12:27.093]              // -> [ROMTableBase <= 0x00000000]
[16:12:27.094]            __ap = 0;      // AHB-AP
[16:12:27.094]              // -> [__ap <= 0x00000000]
[16:12:27.094]            ROMTableBase = ReadAP(0xF8) & ~0x3;
[16:12:27.094]              // -> [ReadAP(0x000000F8) => 0xE00FD003]   (__dp=0x00000000, __ap=0x00000000)
[16:12:27.094]              // -> [ROMTableBase <= 0xE00FD000]
[16:12:27.094]            pidr1 = Read32(ROMTableBase + 0x0FE4);
[16:12:27.095]              // -> [Read32(0xE00FDFE4) => 0x00000004]   (__dp=0x00000000, __ap=0x00000000)
[16:12:27.095]              // -> [pidr1 <= 0x00000004]
[16:12:27.095]            pidr2 = Read32(ROMTableBase + 0x0FE8);
[16:12:27.096]              // -> [Read32(0xE00FDFE8) => 0x0000001A]   (__dp=0x00000000, __ap=0x00000000)
[16:12:27.096]              // -> [pidr2 <= 0x0000001A]
[16:12:27.096]            jep106id = ((pidr2 & 0x7) << 4 ) | ((pidr1 >> 4) & 0xF);
[16:12:27.096]              // -> [jep106id <= 0x00000020]
[16:12:27.096]          </block>
[16:12:27.096]          <control if="jep106id != 0x20" while="" timeout="0" info="">
[16:12:27.096]            // if-block "jep106id != 0x20"
[16:12:27.097]              // =>  FALSE
[16:12:27.097]            // skip if-block "jep106id != 0x20"
[16:12:27.097]          </control>
[16:12:27.097]        </sequence>
[16:12:27.097]    </block>
[16:12:27.097]  </sequence>
[16:12:27.097]  
[16:12:27.112]  **********  Sequence "DebugCoreStart"  (Context="Connect", Pname="", info="")
[16:12:27.112]  
[16:12:27.112]  <debugvars>
[16:12:27.112]    // Pre-defined
[16:12:27.112]    __protocol=0x00010002      (Protocol="SWD", SWJ-DP="True")
[16:12:27.113]    __connection=0x00010202    (Connection Type="Flash", Reset Type="System Reset", Connection Under HW Reset)
[16:12:27.113]    __dp=0x00000000
[16:12:27.113]    __ap=0x00000000
[16:12:27.113]    __traceout=0x00000001      (SWO Trace)
[16:12:27.113]    __errorcontrol=0x00000000  (Skip Errors="False")
[16:12:27.113]    __FlashAddr=0x00000000
[16:12:27.113]    __FlashLen=0x00000000
[16:12:27.114]    __FlashArg=0x00000000
[16:12:27.114]    __FlashOp=0x00000000
[16:12:27.114]    __Result=0x00000000
[16:12:27.114]    
[16:12:27.114]    // User-defined
[16:12:27.114]    DbgMCU_CR=0x00000007
[16:12:27.114]    DbgMCU_APB1_Fz=0x00000000
[16:12:27.114]    DbgMCU_APB2_Fz=0x00000000
[16:12:27.114]    TraceClk_Pin=0x00040002
[16:12:27.115]    TraceD0_Pin=0x00040003
[16:12:27.115]    TraceD1_Pin=0x00040004
[16:12:27.115]    TraceD2_Pin=0x00040005
[16:12:27.115]    TraceD3_Pin=0x00040006
[16:12:27.115]  </debugvars>
[16:12:27.115]  
[16:12:27.115]  <sequence name="DebugCoreStart" Pname="" disable="false" info="">
[16:12:27.116]    <block atomic="false" info="">
[16:12:27.116]      Write32(0xE000EDF0, 0xA05F0001);                                        // Enable Core Debug via DHCSR
[16:12:27.116]        // -> [Write32(0xE000EDF0, 0xA05F0001)]   (__dp=0x00000000, __ap=0x00000000)
[16:12:27.116]      Write32(0xE0042004, DbgMCU_CR);                                         // DBGMCU_CR: Configure MCU Debug
[16:12:27.117]        // -> [Write32(0xE0042004, 0x00000007)]   (__dp=0x00000000, __ap=0x00000000)
[16:12:27.117]      Write32(0xE0042008, DbgMCU_APB1_Fz);                                    // DBGMCU_APB1_FZ: Configure APB1 Peripheral Freeze Behavior
[16:12:27.117]        // -> [Write32(0xE0042008, 0x00000000)]   (__dp=0x00000000, __ap=0x00000000)
[16:12:27.117]      Write32(0xE004200C, DbgMCU_APB2_Fz);                                    // DBGMCU_APB1_FZ: Configure APB2 Peripheral Freeze Behavior
[16:12:27.118]        // -> [Write32(0xE004200C, 0x00000000)]   (__dp=0x00000000, __ap=0x00000000)
[16:12:27.118]    </block>
[16:12:27.118]  </sequence>
[16:12:27.118]  
