/*
 *  CMSIS Pack Debug Access Sequence Log
 *  File        : C:\Users\gonza\STM32Cube\Repository\STM32Cube_FW_F7_V1.14.0 modificado\Projects\STM32746G-Discovery\Examples\BSP\MDK-ARM\Project_Sequences_0005.log
 *  Created     : 11:31:36 (30/04/2020)
 *  Device      : STM32F746NGHx
 *  PDSC File   : C:\Users\gonza\AppData\Local\Arm\Packs\Keil\STM32F7xx_DFP\2.12.0\Keil.STM32F7xx_DFP.pdsc
 *  Config File : C:\Users\gonza\STM32Cube\Repository\STM32Cube_FW_F7_V1.14.0 modificado\Projects\STM32746G-Discovery\Examples\BSP\MDK-ARM\DebugConfig\STM32746G_DISCOVERY_STM32F746NGHx_2.0.0.dbgconf
 *
 */

[11:31:36.890]  **********  Sequence "DebugDeviceUnlock"  (Context="Connect", Pname="", info="")
[11:31:36.891]  
[11:31:36.891]  <debugvars>
[11:31:36.891]    // Pre-defined
[11:31:36.891]    __protocol=0x00010002      (Protocol="SWD", SWJ-DP="True")
[11:31:36.891]    __connection=0x00010202    (Connection Type="Flash", Reset Type="System Reset", Connection Under HW Reset)
[11:31:36.891]    __dp=0x00000000
[11:31:36.892]    __ap=0x00000000
[11:31:36.892]    __traceout=0x00000001      (SWO Trace)
[11:31:36.892]    __errorcontrol=0x00000000  (Skip Errors="False")
[11:31:36.892]    __FlashAddr=0x00000000
[11:31:36.892]    __FlashLen=0x00000000
[11:31:36.892]    __FlashArg=0x00000000
[11:31:36.892]    __FlashOp=0x00000000
[11:31:36.892]    __Result=0x00000000
[11:31:36.893]    
[11:31:36.893]    // User-defined
[11:31:36.893]    DbgMCU_CR=0x00000007
[11:31:36.893]    DbgMCU_APB1_Fz=0x00000000
[11:31:36.893]    DbgMCU_APB2_Fz=0x00000000
[11:31:36.893]    TraceClk_Pin=0x00040002
[11:31:36.893]    TraceD0_Pin=0x00040003
[11:31:36.894]    TraceD1_Pin=0x00040004
[11:31:36.894]    TraceD2_Pin=0x00040005
[11:31:36.894]    TraceD3_Pin=0x00040006
[11:31:36.894]  </debugvars>
[11:31:36.894]  
[11:31:36.894]  <sequence name="DebugDeviceUnlock" Pname="" disable="false" info="">
[11:31:36.895]    <block atomic="false" info="">
[11:31:36.895]      Sequence("CheckID");
[11:31:36.895]        <sequence name="CheckID" Pname="" disable="false" info="">
[11:31:36.895]          <block atomic="false" info="">
[11:31:36.895]            __var pidr1 = 0;
[11:31:36.895]              // -> [pidr1 <= 0x00000000]
[11:31:36.896]            __var pidr2 = 0;
[11:31:36.896]              // -> [pidr2 <= 0x00000000]
[11:31:36.896]            __var jep106id = 0;
[11:31:36.896]              // -> [jep106id <= 0x00000000]
[11:31:36.896]            __var ROMTableBase = 0;
[11:31:36.896]              // -> [ROMTableBase <= 0x00000000]
[11:31:36.896]            __ap = 0;      // AHB-AP
[11:31:36.896]              // -> [__ap <= 0x00000000]
[11:31:36.897]            ROMTableBase = ReadAP(0xF8) & ~0x3;
[11:31:36.897]              // -> [ReadAP(0x000000F8) => 0xE00FD003]   (__dp=0x00000000, __ap=0x00000000)
[11:31:36.897]              // -> [ROMTableBase <= 0xE00FD000]
[11:31:36.898]            pidr1 = Read32(ROMTableBase + 0x0FE4);
[11:31:36.898]              // -> [Read32(0xE00FDFE4) => 0x00000004]   (__dp=0x00000000, __ap=0x00000000)
[11:31:36.898]              // -> [pidr1 <= 0x00000004]
[11:31:36.898]            pidr2 = Read32(ROMTableBase + 0x0FE8);
[11:31:36.899]              // -> [Read32(0xE00FDFE8) => 0x0000001A]   (__dp=0x00000000, __ap=0x00000000)
[11:31:36.899]              // -> [pidr2 <= 0x0000001A]
[11:31:36.899]            jep106id = ((pidr2 & 0x7) << 4 ) | ((pidr1 >> 4) & 0xF);
[11:31:36.899]              // -> [jep106id <= 0x00000020]
[11:31:36.899]          </block>
[11:31:36.899]          <control if="jep106id != 0x20" while="" timeout="0" info="">
[11:31:36.900]            // if-block "jep106id != 0x20"
[11:31:36.900]              // =>  FALSE
[11:31:36.900]            // skip if-block "jep106id != 0x20"
[11:31:36.900]          </control>
[11:31:36.900]        </sequence>
[11:31:36.900]    </block>
[11:31:36.900]  </sequence>
[11:31:36.900]  
[11:31:36.915]  **********  Sequence "DebugCoreStart"  (Context="Connect", Pname="", info="")
[11:31:36.915]  
[11:31:36.915]  <debugvars>
[11:31:36.915]    // Pre-defined
[11:31:36.916]    __protocol=0x00010002      (Protocol="SWD", SWJ-DP="True")
[11:31:36.917]    __connection=0x00010202    (Connection Type="Flash", Reset Type="System Reset", Connection Under HW Reset)
[11:31:36.917]    __dp=0x00000000
[11:31:36.917]    __ap=0x00000000
[11:31:36.917]    __traceout=0x00000001      (SWO Trace)
[11:31:36.917]    __errorcontrol=0x00000000  (Skip Errors="False")
[11:31:36.917]    __FlashAddr=0x00000000
[11:31:36.917]    __FlashLen=0x00000000
[11:31:36.917]    __FlashArg=0x00000000
[11:31:36.918]    __FlashOp=0x00000000
[11:31:36.918]    __Result=0x00000000
[11:31:36.918]    
[11:31:36.918]    // User-defined
[11:31:36.918]    DbgMCU_CR=0x00000007
[11:31:36.918]    DbgMCU_APB1_Fz=0x00000000
[11:31:36.918]    DbgMCU_APB2_Fz=0x00000000
[11:31:36.919]    TraceClk_Pin=0x00040002
[11:31:36.919]    TraceD0_Pin=0x00040003
[11:31:36.919]    TraceD1_Pin=0x00040004
[11:31:36.919]    TraceD2_Pin=0x00040005
[11:31:36.919]    TraceD3_Pin=0x00040006
[11:31:36.920]  </debugvars>
[11:31:36.920]  
[11:31:36.920]  <sequence name="DebugCoreStart" Pname="" disable="false" info="">
[11:31:36.920]    <block atomic="false" info="">
[11:31:36.920]      Write32(0xE000EDF0, 0xA05F0001);                                        // Enable Core Debug via DHCSR
[11:31:36.921]        // -> [Write32(0xE000EDF0, 0xA05F0001)]   (__dp=0x00000000, __ap=0x00000000)
[11:31:36.921]      Write32(0xE0042004, DbgMCU_CR);                                         // DBGMCU_CR: Configure MCU Debug
[11:31:36.922]        // -> [Write32(0xE0042004, 0x00000007)]   (__dp=0x00000000, __ap=0x00000000)
[11:31:36.922]      Write32(0xE0042008, DbgMCU_APB1_Fz);                                    // DBGMCU_APB1_FZ: Configure APB1 Peripheral Freeze Behavior
[11:31:36.922]        // -> [Write32(0xE0042008, 0x00000000)]   (__dp=0x00000000, __ap=0x00000000)
[11:31:36.923]      Write32(0xE004200C, DbgMCU_APB2_Fz);                                    // DBGMCU_APB1_FZ: Configure APB2 Peripheral Freeze Behavior
[11:31:36.923]        // -> [Write32(0xE004200C, 0x00000000)]   (__dp=0x00000000, __ap=0x00000000)
[11:31:36.923]    </block>
[11:31:36.923]  </sequence>
[11:31:36.923]  
[11:50:10.139]  **********  Sequence "DebugDeviceUnlock"  (Context="Connect", Pname="", info="")
[11:50:10.140]  
[11:50:10.140]  <debugvars>
[11:50:10.140]    // Pre-defined
[11:50:10.140]    __protocol=0x00010002      (Protocol="SWD", SWJ-DP="True")
[11:50:10.140]    __connection=0x00010202    (Connection Type="Flash", Reset Type="System Reset", Connection Under HW Reset)
[11:50:10.141]    __dp=0x00000000
[11:50:10.141]    __ap=0x00000000
[11:50:10.141]    __traceout=0x00000001      (SWO Trace)
[11:50:10.141]    __errorcontrol=0x00000000  (Skip Errors="False")
[11:50:10.141]    __FlashAddr=0x00000000
[11:50:10.142]    __FlashLen=0x00000000
[11:50:10.142]    __FlashArg=0x00000000
[11:50:10.142]    __FlashOp=0x00000000
[11:50:10.142]    __Result=0x00000000
[11:50:10.142]    
[11:50:10.142]    // User-defined
[11:50:10.142]    DbgMCU_CR=0x00000007
[11:50:10.143]    DbgMCU_APB1_Fz=0x00000000
[11:50:10.143]    DbgMCU_APB2_Fz=0x00000000
[11:50:10.143]    TraceClk_Pin=0x00040002
[11:50:10.143]    TraceD0_Pin=0x00040003
[11:50:10.144]    TraceD1_Pin=0x00040004
[11:50:10.144]    TraceD2_Pin=0x00040005
[11:50:10.144]    TraceD3_Pin=0x00040006
[11:50:10.144]  </debugvars>
[11:50:10.144]  
[11:50:10.144]  <sequence name="DebugDeviceUnlock" Pname="" disable="false" info="">
[11:50:10.145]    <block atomic="false" info="">
[11:50:10.145]      Sequence("CheckID");
[11:50:10.145]        <sequence name="CheckID" Pname="" disable="false" info="">
[11:50:10.145]          <block atomic="false" info="">
[11:50:10.145]            __var pidr1 = 0;
[11:50:10.146]              // -> [pidr1 <= 0x00000000]
[11:50:10.146]            __var pidr2 = 0;
[11:50:10.146]              // -> [pidr2 <= 0x00000000]
[11:50:10.146]            __var jep106id = 0;
[11:50:10.146]              // -> [jep106id <= 0x00000000]
[11:50:10.146]            __var ROMTableBase = 0;
[11:50:10.147]              // -> [ROMTableBase <= 0x00000000]
[11:50:10.147]            __ap = 0;      // AHB-AP
[11:50:10.147]              // -> [__ap <= 0x00000000]
[11:50:10.147]            ROMTableBase = ReadAP(0xF8) & ~0x3;
[11:50:10.148]              // -> [ReadAP(0x000000F8) => 0xE00FD003]   (__dp=0x00000000, __ap=0x00000000)
[11:50:10.148]              // -> [ROMTableBase <= 0xE00FD000]
[11:50:10.148]            pidr1 = Read32(ROMTableBase + 0x0FE4);
[11:50:10.149]              // -> [Read32(0xE00FDFE4) => 0x00000004]   (__dp=0x00000000, __ap=0x00000000)
[11:50:10.149]              // -> [pidr1 <= 0x00000004]
[11:50:10.149]            pidr2 = Read32(ROMTableBase + 0x0FE8);
[11:50:10.149]              // -> [Read32(0xE00FDFE8) => 0x0000001A]   (__dp=0x00000000, __ap=0x00000000)
[11:50:10.150]              // -> [pidr2 <= 0x0000001A]
[11:50:10.150]            jep106id = ((pidr2 & 0x7) << 4 ) | ((pidr1 >> 4) & 0xF);
[11:50:10.150]              // -> [jep106id <= 0x00000020]
[11:50:10.150]          </block>
[11:50:10.150]          <control if="jep106id != 0x20" while="" timeout="0" info="">
[11:50:10.151]            // if-block "jep106id != 0x20"
[11:50:10.151]              // =>  FALSE
[11:50:10.151]            // skip if-block "jep106id != 0x20"
[11:50:10.151]          </control>
[11:50:10.151]        </sequence>
[11:50:10.151]    </block>
[11:50:10.152]  </sequence>
[11:50:10.152]  
[11:50:10.167]  **********  Sequence "DebugCoreStart"  (Context="Connect", Pname="", info="")
[11:50:10.167]  
[11:50:10.167]  <debugvars>
[11:50:10.167]    // Pre-defined
[11:50:10.167]    __protocol=0x00010002      (Protocol="SWD", SWJ-DP="True")
[11:50:10.167]    __connection=0x00010202    (Connection Type="Flash", Reset Type="System Reset", Connection Under HW Reset)
[11:50:10.168]    __dp=0x00000000
[11:50:10.168]    __ap=0x00000000
[11:50:10.168]    __traceout=0x00000001      (SWO Trace)
[11:50:10.168]    __errorcontrol=0x00000000  (Skip Errors="False")
[11:50:10.168]    __FlashAddr=0x00000000
[11:50:10.168]    __FlashLen=0x00000000
[11:50:10.169]    __FlashArg=0x00000000
[11:50:10.169]    __FlashOp=0x00000000
[11:50:10.169]    __Result=0x00000000
[11:50:10.169]    
[11:50:10.169]    // User-defined
[11:50:10.169]    DbgMCU_CR=0x00000007
[11:50:10.169]    DbgMCU_APB1_Fz=0x00000000
[11:50:10.170]    DbgMCU_APB2_Fz=0x00000000
[11:50:10.170]    TraceClk_Pin=0x00040002
[11:50:10.170]    TraceD0_Pin=0x00040003
[11:50:10.170]    TraceD1_Pin=0x00040004
[11:50:10.170]    TraceD2_Pin=0x00040005
[11:50:10.170]    TraceD3_Pin=0x00040006
[11:50:10.170]  </debugvars>
[11:50:10.171]  
[11:50:10.171]  <sequence name="DebugCoreStart" Pname="" disable="false" info="">
[11:50:10.171]    <block atomic="false" info="">
[11:50:10.171]      Write32(0xE000EDF0, 0xA05F0001);                                        // Enable Core Debug via DHCSR
[11:50:10.172]        // -> [Write32(0xE000EDF0, 0xA05F0001)]   (__dp=0x00000000, __ap=0x00000000)
[11:50:10.172]      Write32(0xE0042004, DbgMCU_CR);                                         // DBGMCU_CR: Configure MCU Debug
[11:50:10.172]        // -> [Write32(0xE0042004, 0x00000007)]   (__dp=0x00000000, __ap=0x00000000)
[11:50:10.173]      Write32(0xE0042008, DbgMCU_APB1_Fz);                                    // DBGMCU_APB1_FZ: Configure APB1 Peripheral Freeze Behavior
[11:50:10.173]        // -> [Write32(0xE0042008, 0x00000000)]   (__dp=0x00000000, __ap=0x00000000)
[11:50:10.173]      Write32(0xE004200C, DbgMCU_APB2_Fz);                                    // DBGMCU_APB1_FZ: Configure APB2 Peripheral Freeze Behavior
[11:50:10.174]        // -> [Write32(0xE004200C, 0x00000000)]   (__dp=0x00000000, __ap=0x00000000)
[11:50:10.174]    </block>
[11:50:10.174]  </sequence>
[11:50:10.174]  
[11:58:28.624]  **********  Sequence "DebugDeviceUnlock"  (Context="Connect", Pname="", info="")
[11:58:28.624]  
[11:58:28.624]  <debugvars>
[11:58:28.624]    // Pre-defined
[11:58:28.625]    __protocol=0x00010002      (Protocol="SWD", SWJ-DP="True")
[11:58:28.625]    __connection=0x00010202    (Connection Type="Flash", Reset Type="System Reset", Connection Under HW Reset)
[11:58:28.625]    __dp=0x00000000
[11:58:28.625]    __ap=0x00000000
[11:58:28.625]    __traceout=0x00000001      (SWO Trace)
[11:58:28.625]    __errorcontrol=0x00000000  (Skip Errors="False")
[11:58:28.625]    __FlashAddr=0x00000000
[11:58:28.625]    __FlashLen=0x00000000
[11:58:28.626]    __FlashArg=0x00000000
[11:58:28.626]    __FlashOp=0x00000000
[11:58:28.626]    __Result=0x00000000
[11:58:28.626]    
[11:58:28.626]    // User-defined
[11:58:28.626]    DbgMCU_CR=0x00000007
[11:58:28.626]    DbgMCU_APB1_Fz=0x00000000
[11:58:28.626]    DbgMCU_APB2_Fz=0x00000000
[11:58:28.626]    TraceClk_Pin=0x00040002
[11:58:28.627]    TraceD0_Pin=0x00040003
[11:58:28.627]    TraceD1_Pin=0x00040004
[11:58:28.627]    TraceD2_Pin=0x00040005
[11:58:28.627]    TraceD3_Pin=0x00040006
[11:58:28.627]  </debugvars>
[11:58:28.627]  
[11:58:28.627]  <sequence name="DebugDeviceUnlock" Pname="" disable="false" info="">
[11:58:28.627]    <block atomic="false" info="">
[11:58:28.627]      Sequence("CheckID");
[11:58:28.628]        <sequence name="CheckID" Pname="" disable="false" info="">
[11:58:28.628]          <block atomic="false" info="">
[11:58:28.628]            __var pidr1 = 0;
[11:58:28.628]              // -> [pidr1 <= 0x00000000]
[11:58:28.628]            __var pidr2 = 0;
[11:58:28.628]              // -> [pidr2 <= 0x00000000]
[11:58:28.628]            __var jep106id = 0;
[11:58:28.628]              // -> [jep106id <= 0x00000000]
[11:58:28.628]            __var ROMTableBase = 0;
[11:58:28.629]              // -> [ROMTableBase <= 0x00000000]
[11:58:28.629]            __ap = 0;      // AHB-AP
[11:58:28.629]              // -> [__ap <= 0x00000000]
[11:58:28.629]            ROMTableBase = ReadAP(0xF8) & ~0x3;
[11:58:28.629]              // -> [ReadAP(0x000000F8) => 0xE00FD003]   (__dp=0x00000000, __ap=0x00000000)
[11:58:28.629]              // -> [ROMTableBase <= 0xE00FD000]
[11:58:28.629]            pidr1 = Read32(ROMTableBase + 0x0FE4);
[11:58:28.630]              // -> [Read32(0xE00FDFE4) => 0x00000004]   (__dp=0x00000000, __ap=0x00000000)
[11:58:28.630]              // -> [pidr1 <= 0x00000004]
[11:58:28.630]            pidr2 = Read32(ROMTableBase + 0x0FE8);
[11:58:28.631]              // -> [Read32(0xE00FDFE8) => 0x0000001A]   (__dp=0x00000000, __ap=0x00000000)
[11:58:28.631]              // -> [pidr2 <= 0x0000001A]
[11:58:28.631]            jep106id = ((pidr2 & 0x7) << 4 ) | ((pidr1 >> 4) & 0xF);
[11:58:28.631]              // -> [jep106id <= 0x00000020]
[11:58:28.631]          </block>
[11:58:28.631]          <control if="jep106id != 0x20" while="" timeout="0" info="">
[11:58:28.631]            // if-block "jep106id != 0x20"
[11:58:28.631]              // =>  FALSE
[11:58:28.632]            // skip if-block "jep106id != 0x20"
[11:58:28.632]          </control>
[11:58:28.632]        </sequence>
[11:58:28.632]    </block>
[11:58:28.632]  </sequence>
[11:58:28.632]  
[11:58:28.647]  **********  Sequence "DebugCoreStart"  (Context="Connect", Pname="", info="")
[11:58:28.647]  
[11:58:28.647]  <debugvars>
[11:58:28.647]    // Pre-defined
[11:58:28.647]    __protocol=0x00010002      (Protocol="SWD", SWJ-DP="True")
[11:58:28.647]    __connection=0x00010202    (Connection Type="Flash", Reset Type="System Reset", Connection Under HW Reset)
[11:58:28.648]    __dp=0x00000000
[11:58:28.648]    __ap=0x00000000
[11:58:28.648]    __traceout=0x00000001      (SWO Trace)
[11:58:28.648]    __errorcontrol=0x00000000  (Skip Errors="False")
[11:58:28.648]    __FlashAddr=0x00000000
[11:58:28.648]    __FlashLen=0x00000000
[11:58:28.648]    __FlashArg=0x00000000
[11:58:28.649]    __FlashOp=0x00000000
[11:58:28.649]    __Result=0x00000000
[11:58:28.649]    
[11:58:28.649]    // User-defined
[11:58:28.649]    DbgMCU_CR=0x00000007
[11:58:28.649]    DbgMCU_APB1_Fz=0x00000000
[11:58:28.649]    DbgMCU_APB2_Fz=0x00000000
[11:58:28.649]    TraceClk_Pin=0x00040002
[11:58:28.649]    TraceD0_Pin=0x00040003
[11:58:28.649]    TraceD1_Pin=0x00040004
[11:58:28.650]    TraceD2_Pin=0x00040005
[11:58:28.650]    TraceD3_Pin=0x00040006
[11:58:28.650]  </debugvars>
[11:58:28.650]  
[11:58:28.650]  <sequence name="DebugCoreStart" Pname="" disable="false" info="">
[11:58:28.650]    <block atomic="false" info="">
[11:58:28.650]      Write32(0xE000EDF0, 0xA05F0001);                                        // Enable Core Debug via DHCSR
[11:58:28.651]        // -> [Write32(0xE000EDF0, 0xA05F0001)]   (__dp=0x00000000, __ap=0x00000000)
[11:58:28.651]      Write32(0xE0042004, DbgMCU_CR);                                         // DBGMCU_CR: Configure MCU Debug
[11:58:28.651]        // -> [Write32(0xE0042004, 0x00000007)]   (__dp=0x00000000, __ap=0x00000000)
[11:58:28.652]      Write32(0xE0042008, DbgMCU_APB1_Fz);                                    // DBGMCU_APB1_FZ: Configure APB1 Peripheral Freeze Behavior
[11:58:28.652]        // -> [Write32(0xE0042008, 0x00000000)]   (__dp=0x00000000, __ap=0x00000000)
[11:58:28.652]      Write32(0xE004200C, DbgMCU_APB2_Fz);                                    // DBGMCU_APB1_FZ: Configure APB2 Peripheral Freeze Behavior
[11:58:28.653]        // -> [Write32(0xE004200C, 0x00000000)]   (__dp=0x00000000, __ap=0x00000000)
[11:58:28.653]    </block>
[11:58:28.653]  </sequence>
[11:58:28.653]  
[12:02:32.406]  **********  Sequence "DebugDeviceUnlock"  (Context="Connect", Pname="", info="")
[12:02:32.406]  
[12:02:32.407]  <debugvars>
[12:02:32.407]    // Pre-defined
[12:02:32.407]    __protocol=0x00010002      (Protocol="SWD", SWJ-DP="True")
[12:02:32.407]    __connection=0x00010202    (Connection Type="Flash", Reset Type="System Reset", Connection Under HW Reset)
[12:02:32.408]    __dp=0x00000000
[12:02:32.408]    __ap=0x00000000
[12:02:32.408]    __traceout=0x00000001      (SWO Trace)
[12:02:32.408]    __errorcontrol=0x00000000  (Skip Errors="False")
[12:02:32.409]    __FlashAddr=0x00000000
[12:02:32.409]    __FlashLen=0x00000000
[12:02:32.409]    __FlashArg=0x00000000
[12:02:32.409]    __FlashOp=0x00000000
[12:02:32.409]    __Result=0x00000000
[12:02:32.410]    
[12:02:32.410]    // User-defined
[12:02:32.410]    DbgMCU_CR=0x00000007
[12:02:32.410]    DbgMCU_APB1_Fz=0x00000000
[12:02:32.410]    DbgMCU_APB2_Fz=0x00000000
[12:02:32.410]    TraceClk_Pin=0x00040002
[12:02:32.411]    TraceD0_Pin=0x00040003
[12:02:32.411]    TraceD1_Pin=0x00040004
[12:02:32.411]    TraceD2_Pin=0x00040005
[12:02:32.411]    TraceD3_Pin=0x00040006
[12:02:32.412]  </debugvars>
[12:02:32.412]  
[12:02:32.412]  <sequence name="DebugDeviceUnlock" Pname="" disable="false" info="">
[12:02:32.412]    <block atomic="false" info="">
[12:02:32.412]      Sequence("CheckID");
[12:02:32.413]        <sequence name="CheckID" Pname="" disable="false" info="">
[12:02:32.413]          <block atomic="false" info="">
[12:02:32.413]            __var pidr1 = 0;
[12:02:32.413]              // -> [pidr1 <= 0x00000000]
[12:02:32.413]            __var pidr2 = 0;
[12:02:32.414]              // -> [pidr2 <= 0x00000000]
[12:02:32.414]            __var jep106id = 0;
[12:02:32.414]              // -> [jep106id <= 0x00000000]
[12:02:32.414]            __var ROMTableBase = 0;
[12:02:32.414]              // -> [ROMTableBase <= 0x00000000]
[12:02:32.414]            __ap = 0;      // AHB-AP
[12:02:32.415]              // -> [__ap <= 0x00000000]
[12:02:32.415]            ROMTableBase = ReadAP(0xF8) & ~0x3;
[12:02:32.415]              // -> [ReadAP(0x000000F8) => 0xE00FD003]   (__dp=0x00000000, __ap=0x00000000)
[12:02:32.415]              // -> [ROMTableBase <= 0xE00FD000]
[12:02:32.415]            pidr1 = Read32(ROMTableBase + 0x0FE4);
[12:02:32.416]              // -> [Read32(0xE00FDFE4) => 0x00000004]   (__dp=0x00000000, __ap=0x00000000)
[12:02:32.416]              // -> [pidr1 <= 0x00000004]
[12:02:32.417]            pidr2 = Read32(ROMTableBase + 0x0FE8);
[12:02:32.417]              // -> [Read32(0xE00FDFE8) => 0x0000001A]   (__dp=0x00000000, __ap=0x00000000)
[12:02:32.417]              // -> [pidr2 <= 0x0000001A]
[12:02:32.417]            jep106id = ((pidr2 & 0x7) << 4 ) | ((pidr1 >> 4) & 0xF);
[12:02:32.418]              // -> [jep106id <= 0x00000020]
[12:02:32.418]          </block>
[12:02:32.418]          <control if="jep106id != 0x20" while="" timeout="0" info="">
[12:02:32.418]            // if-block "jep106id != 0x20"
[12:02:32.418]              // =>  FALSE
[12:02:32.419]            // skip if-block "jep106id != 0x20"
[12:02:32.419]          </control>
[12:02:32.419]        </sequence>
[12:02:32.419]    </block>
[12:02:32.419]  </sequence>
[12:02:32.420]  
[12:02:32.434]  **********  Sequence "DebugCoreStart"  (Context="Connect", Pname="", info="")
[12:02:32.434]  
[12:02:32.434]  <debugvars>
[12:02:32.434]    // Pre-defined
[12:02:32.434]    __protocol=0x00010002      (Protocol="SWD", SWJ-DP="True")
[12:02:32.435]    __connection=0x00010202    (Connection Type="Flash", Reset Type="System Reset", Connection Under HW Reset)
[12:02:32.435]    __dp=0x00000000
[12:02:32.435]    __ap=0x00000000
[12:02:32.435]    __traceout=0x00000001      (SWO Trace)
[12:02:32.435]    __errorcontrol=0x00000000  (Skip Errors="False")
[12:02:32.435]    __FlashAddr=0x00000000
[12:02:32.437]    __FlashLen=0x00000000
[12:02:32.437]    __FlashArg=0x00000000
[12:02:32.437]    __FlashOp=0x00000000
[12:02:32.437]    __Result=0x00000000
[12:02:32.438]    
[12:02:32.438]    // User-defined
[12:02:32.438]    DbgMCU_CR=0x00000007
[12:02:32.438]    DbgMCU_APB1_Fz=0x00000000
[12:02:32.438]    DbgMCU_APB2_Fz=0x00000000
[12:02:32.438]    TraceClk_Pin=0x00040002
[12:02:32.438]    TraceD0_Pin=0x00040003
[12:02:32.438]    TraceD1_Pin=0x00040004
[12:02:32.438]    TraceD2_Pin=0x00040005
[12:02:32.439]    TraceD3_Pin=0x00040006
[12:02:32.439]  </debugvars>
[12:02:32.439]  
[12:02:32.439]  <sequence name="DebugCoreStart" Pname="" disable="false" info="">
[12:02:32.439]    <block atomic="false" info="">
[12:02:32.439]      Write32(0xE000EDF0, 0xA05F0001);                                        // Enable Core Debug via DHCSR
[12:02:32.440]        // -> [Write32(0xE000EDF0, 0xA05F0001)]   (__dp=0x00000000, __ap=0x00000000)
[12:02:32.440]      Write32(0xE0042004, DbgMCU_CR);                                         // DBGMCU_CR: Configure MCU Debug
[12:02:32.440]        // -> [Write32(0xE0042004, 0x00000007)]   (__dp=0x00000000, __ap=0x00000000)
[12:02:32.441]      Write32(0xE0042008, DbgMCU_APB1_Fz);                                    // DBGMCU_APB1_FZ: Configure APB1 Peripheral Freeze Behavior
[12:02:32.441]        // -> [Write32(0xE0042008, 0x00000000)]   (__dp=0x00000000, __ap=0x00000000)
[12:02:32.441]      Write32(0xE004200C, DbgMCU_APB2_Fz);                                    // DBGMCU_APB1_FZ: Configure APB2 Peripheral Freeze Behavior
[12:02:32.442]        // -> [Write32(0xE004200C, 0x00000000)]   (__dp=0x00000000, __ap=0x00000000)
[12:02:32.442]    </block>
[12:02:32.442]  </sequence>
[12:02:32.442]  
